mån  9 okt 2023 12:19:15 CEST
Checking ../../src/main.cpp ...
../../src/stmt_call.hpp:74:23: style: Local variable 'arg' shadows outer function [shadowFunction]
      const expr_any &arg{args_[i]};
                      ^
../../src/stmt_call.hpp:378:29: note: Shadowed declaration
  [[nodiscard]] inline auto arg(size_t ix) const -> const statement & {
                            ^
../../src/stmt_call.hpp:74:23: note: Shadow variable
      const expr_any &arg{args_[i]};
                      ^
../../src/stmt_call.hpp:131:25: style: Local variable 'arg' shadows outer function [shadowFunction]
        const expr_any &arg{args_[i]};
                        ^
../../src/stmt_call.hpp:378:29: note: Shadowed declaration
  [[nodiscard]] inline auto arg(size_t ix) const -> const statement & {
                            ^
../../src/stmt_call.hpp:131:25: note: Shadow variable
        const expr_any &arg{args_[i]};
                        ^
../../src/stmt_call.hpp:259:22: style: Local variable 'arg' shadows outer function [shadowFunction]
    for (const auto &arg : args_) {
                     ^
../../src/stmt_call.hpp:378:29: note: Shadowed declaration
  [[nodiscard]] inline auto arg(size_t ix) const -> const statement & {
                            ^
../../src/stmt_call.hpp:259:22: note: Shadow variable
    for (const auto &arg : args_) {
                     ^
../../src/program.hpp:103:26: style: Local variable 'main' shadows outer function [shadowFunction]
    const stmt_def_func &main = tc.get_func_or_throw(prg, "main");
                         ^
../../src/main.cpp:26:6: note: Shadowed declaration
auto main(int argc, char *args[]) -> int {
     ^
../../src/program.hpp:103:26: note: Shadow variable
    const stmt_def_func &main = tc.get_func_or_throw(prg, "main");
                         ^
../../src/toc.hpp:23:23: performance: Function parameter 'name' should be passed by const reference. [passedByValue]
  inline frame(string name, const frame_type tpe, string call_path = "",
                      ^
../../src/toc.hpp:23:58: performance: Function parameter 'call_path' should be passed by const reference. [passedByValue]
  inline frame(string name, const frame_type tpe, string call_path = "",
                                                         ^
../../src/toc.hpp:24:23: performance: Function parameter 'func_ret_label' should be passed by const reference. [passedByValue]
               string func_ret_label = "", const bool func_is_inline = false,
                      ^
../../src/toc.hpp:25:23: performance: Function parameter 'func_ret_var' should be passed by const reference. [passedByValue]
               string func_ret_var = "") noexcept
                      ^
../../src/expr_ops_list.hpp:11:46: performance: Function parameter 'uops' should be passed by const reference. [passedByValue]
      const bool enclosed = false, unary_ops uops = {},
                                             ^
../../src/bool_op.hpp:227:48: style: Parameter 'tc' can be declared as reference to const [constParameter]
  inline void resolve_if_op_is_expression(toc &tc) {
                                               ^
../../src/stmt_break.hpp:5:26: style: Parameter 'tc' can be declared as reference to const [constParameter]
  inline stmt_break(toc &tc, token tk) : statement{move(tk)} {
                         ^
../../src/stmt_comment.hpp:5:28: style: Parameter 'tc' can be declared as reference to const [constParameter]
  inline stmt_comment(toc &tc, token tk, tokenizer &t)
                           ^
../../src/stmt_continue.hpp:5:29: style: Parameter 'tc' can be declared as reference to const [constParameter]
  inline stmt_continue(toc &tc, token tk) : statement{move(tk)} {
                            ^
../../src/stmt_return.hpp:5:27: style: Parameter 'tc' can be declared as reference to const [constParameter]
  inline stmt_return(toc &tc, token tk) : statement{move(tk)} {
                          ^
../../src/stmt_def_type.hpp:5:35: style: Parameter 'tc' can be declared as reference to const [constParameter]
  inline stmt_def_type_field(toc &tc, token tk, tokenizer &t)
                                  ^
../../src/lut.hpp:34:14: style: Variable 'e' can be declared as reference to const [constVariable]
    for (el &e : elems_) {
             ^
../../src/type.hpp:31:29: style: Consider using std::find_if algorithm instead of a raw loop. [useStlAlgorithm]
      if (fld.name == name) {
                            ^
../../src/lut.hpp:12:26: style: Consider using std::find_if algorithm instead of a raw loop. [useStlAlgorithm]
      if (e.is_key(key)) {
                         ^
../../src/lut.hpp:21:26: style: Consider using std::find_if algorithm instead of a raw loop. [useStlAlgorithm]
      if (e.is_key(key)) {
                         ^
../../src/lut.hpp:35:26: style: Consider using std::find_if algorithm instead of a raw loop. [useStlAlgorithm]
      if (e.is_key(key)) {
                         ^
../../src/lut.hpp:50:26: style: Consider using std::find_if algorithm instead of a raw loop. [useStlAlgorithm]
      if (e.is_key(key)) {
                         ^
nofile:0:0: information: Unmatched suppression: knownConditionTrueFalse [unmatchedSuppression]

